<xml><ToUserName><![CDATA[gh_b4fead71a3a6]]></ToUserName>
<FromUserName><![CDATA[oHd91juHNChysSwppzuae5XKokl0]]></FromUserName>
<CreateTime>1397315202</CreateTime>
<MsgType><![CDATA[text]]></MsgType>
<Content><![CDATA[？]]></Content>
<MsgId>6001423094993756610</MsgId>
</xml>

<xml><ToUserName><![CDATA[gh_b4fead71a3a6]]></ToUserName>
<FromUserName><![CDATA[oHd91juHNChysSwppzuae5XKokl0]]></FromUserName>
<CreateTime>1397373210</CreateTime>
<MsgType><![CDATA[text]]></MsgType>
<Content><![CDATA[hello]]></Content>
<MsgId>6001672237456664008</MsgId>
</xml>
<xml><ToUserName><![CDATA[gh_b4fead71a3a6]]></ToUserName>
<FromUserName><![CDATA[oHd91juHNChysSwppzuae5XKokl0]]></FromUserName>
<CreateTime>1397373221</CreateTime>
<MsgType><![CDATA[text]]></MsgType>
<Content><![CDATA[哈哈]]></Content>
<MsgId>6001672284701304265</MsgId>
</xml>
<xml><ToUserName><![CDATA[gh_b4fead71a3a6]]></ToUserName>
<FromUserName><![CDATA[oHd91juHNChysSwppzuae5XKokl0]]></FromUserName>
<CreateTime>1397373235</CreateTime>
<MsgType><![CDATA[text]]></MsgType>
<Content><![CDATA[Sryx/7]]></Content>
<MsgId>6001672344830846410</MsgId>
</xml>
<xml><ToUserName><![CDATA[gh_b4fead71a3a6]]></ToUserName>
<FromUserName><![CDATA[oHd91juHNChysSwppzuae5XKokl0]]></FromUserName>
<CreateTime>1397373242</CreateTime>
<MsgType><![CDATA[text]]></MsgType>
<Content><![CDATA[Gh]]></Content>
<MsgId>6001672374895617483</MsgId>
</xml>
<xml><ToUserName><![CDATA[gh_b4fead71a3a6]]></ToUserName>
<FromUserName><![CDATA[oHd91juHNChysSwppzuae5XKokl0]]></FromUserName>
<CreateTime>1397373405</CreateTime>
<MsgType><![CDATA[text]]></MsgType>
<Content><![CDATA[Hajj]]></Content>
<MsgId>6001673074975286732</MsgId>
</xml>
<xml><ToUserName><![CDATA[gh_b4fead71a3a6]]></ToUserName>
<FromUserName><![CDATA[oHd91juHNChysSwppzuae5XKokl0]]></FromUserName>
<CreateTime>1397373414</CreateTime>
<MsgType><![CDATA[text]]></MsgType>
<Content><![CDATA[sryx/7]]></Content>
<MsgId>6001673113629992398</MsgId>
</xml>
<xml><ToUserName><![CDATA[gh_b4fead71a3a6]]></ToUserName>
<FromUserName><![CDATA[oHd91juHNChysSwppzuae5XKokl0]]></FromUserName>
<CreateTime>1397373481</CreateTime>
<MsgType><![CDATA[text]]></MsgType>
<Content><![CDATA[Sryx/9]]></Content>
<MsgId>6001673401392801241</MsgId>
</xml>
